30-11-2023 10:42:31.461 [main] INFO  c.e.t.Tp5TraitementBashApplication - Starting Tp5TraitementBashApplication using Java 18.0.1 with PID 20400 (C:\Users\rtyuiop\Desktop\school\studies\S9\architecture-logiciel\tps\tp5-traitement-batch\target\classes started by rtyuiop in C:\Users\rtyuiop\Desktop\school\studies\S9\architecture-logiciel\tps\tp5-traitement-batch)
30-11-2023 10:42:31.466 [main] DEBUG c.e.t.Tp5TraitementBashApplication - Running with Spring Boot v3.1.5, Spring v6.0.13
30-11-2023 10:42:31.468 [main] INFO  c.e.t.Tp5TraitementBashApplication - No active profile set, falling back to 1 default profile: "default"
30-11-2023 10:42:32.649 [main] INFO  o.s.d.r.c.RepositoryConfigurationDelegate - Bootstrapping Spring Data JPA repositories in DEFAULT mode.
30-11-2023 10:42:32.779 [main] INFO  o.s.d.r.c.RepositoryConfigurationDelegate - Finished Spring Data repository scanning in 113 ms. Found 2 JPA repository interfaces.
30-11-2023 10:42:33.347 [main] INFO  com.zaxxer.hikari.HikariDataSource - HikariPool-1 - Starting...
30-11-2023 10:42:34.057 [main] INFO  com.zaxxer.hikari.pool.HikariPool - HikariPool-1 - Added connection com.mysql.cj.jdbc.ConnectionImpl@2f894ad9
30-11-2023 10:42:34.061 [main] INFO  com.zaxxer.hikari.HikariDataSource - HikariPool-1 - Start completed.
30-11-2023 10:42:34.297 [main] INFO  o.h.jpa.internal.util.LogHelper - HHH000204: Processing PersistenceUnitInfo [name: default]
30-11-2023 10:42:34.437 [main] INFO  org.hibernate.Version - HHH000412: Hibernate ORM core version 6.2.13.Final
30-11-2023 10:42:34.443 [main] INFO  org.hibernate.cfg.Environment - HHH000406: Using bytecode reflection optimizer
30-11-2023 10:42:35.115 [main] INFO  o.s.o.j.p.SpringPersistenceUnitInfo - No LoadTimeWeaver setup: ignoring JPA class transformer
30-11-2023 10:42:35.275 [main] WARN  org.hibernate.orm.deprecation - HHH90000025: MySQL8Dialect does not need to be specified explicitly using 'hibernate.dialect' (remove the property setting and it will be selected by default)
30-11-2023 10:42:35.277 [main] WARN  org.hibernate.orm.deprecation - HHH90000026: MySQL8Dialect has been deprecated; use org.hibernate.dialect.MySQLDialect instead
30-11-2023 10:42:36.720 [main] INFO  o.h.e.t.j.p.i.JtaPlatformInitiator - HHH000489: No JTA platform available (set 'hibernate.transaction.jta.platform' to enable JTA platform integration)
30-11-2023 10:42:37.179 [main] INFO  o.s.o.j.LocalContainerEntityManagerFactoryBean - Initialized JPA EntityManagerFactory for persistence unit 'default'
30-11-2023 10:42:38.266 [main] INFO  c.e.t.Tp5TraitementBashApplication - Started Tp5TraitementBashApplication in 7.604 seconds (process running for 9.035)
30-11-2023 10:42:38.866 [main] INFO  o.s.b.c.l.support.SimpleJobLauncher - Job: [FlowJob: [name=importTransactions]] launched with the following parameters: [{'started-at':'{value=1701380558761, type=class java.lang.Long, identifying=true}'}]
30-11-2023 10:42:38.942 [SimpleAsyncTaskExecutor-1] INFO  o.s.batch.core.job.SimpleStepHandler - Executing step: [importCSVTransaction]
30-11-2023 10:42:38.954 [SimpleAsyncTaskExecutor-2] INFO  o.s.batch.core.job.SimpleStepHandler - Executing step: [importXMLTransaction]
30-11-2023 10:42:39.001 [SimpleAsyncTaskExecutor-1] INFO  SampleLogger - Transaction ID: 1	 Account ID: 1	 Amount: 500.0	 Transaction Date: Tue Nov 28 00:00:00 WEST 2023
30-11-2023 10:42:39.007 [SimpleAsyncTaskExecutor-1] INFO  SampleLogger - Transaction ID: 2	 Account ID: 2	 Amount: 1000.0	 Transaction Date: Tue Nov 28 00:00:00 WEST 2023
30-11-2023 10:42:39.009 [SimpleAsyncTaskExecutor-1] INFO  SampleLogger - Transaction ID: 3	 Account ID: 3	 Amount: 1500.0	 Transaction Date: Tue Nov 28 00:00:00 WEST 2023
30-11-2023 10:42:39.010 [SimpleAsyncTaskExecutor-1] INFO  SampleLogger - Transaction ID: 4	 Account ID: 4	 Amount: 2000.0	 Transaction Date: Tue Nov 28 00:00:00 WEST 2023
30-11-2023 10:42:39.012 [SimpleAsyncTaskExecutor-1] INFO  SampleLogger - Transaction ID: 5	 Account ID: 5	 Amount: 2500.0	 Transaction Date: Tue Nov 28 00:00:00 WEST 2023
30-11-2023 10:42:39.013 [SimpleAsyncTaskExecutor-1] INFO  SampleLogger - Transaction ID: 6	 Account ID: 6	 Amount: 3000.0	 Transaction Date: Tue Nov 28 00:00:00 WEST 2023
30-11-2023 10:42:39.014 [SimpleAsyncTaskExecutor-2] INFO  SampleLogger - Transaction ID: 21	 Account ID: 21	 Amount: 500.0	 Transaction Date: Tue Nov 28 14:27:53 WEST 2023
30-11-2023 10:42:39.014 [SimpleAsyncTaskExecutor-1] INFO  SampleLogger - Transaction ID: 7	 Account ID: 7	 Amount: 3500.0	 Transaction Date: Tue Nov 28 00:00:00 WEST 2023
30-11-2023 10:42:39.015 [SimpleAsyncTaskExecutor-2] INFO  SampleLogger - Transaction ID: 22	 Account ID: 22	 Amount: 1000.0	 Transaction Date: Tue Nov 28 14:27:53 WEST 2023
30-11-2023 10:42:39.015 [SimpleAsyncTaskExecutor-1] INFO  SampleLogger - Transaction ID: 8	 Account ID: 8	 Amount: 4000.0	 Transaction Date: Tue Nov 28 00:00:00 WEST 2023
30-11-2023 10:42:39.017 [SimpleAsyncTaskExecutor-1] INFO  SampleLogger - Transaction ID: 9	 Account ID: 9	 Amount: 4500.0	 Transaction Date: Tue Nov 28 00:00:00 WEST 2023
30-11-2023 10:42:39.017 [SimpleAsyncTaskExecutor-2] INFO  SampleLogger - Transaction ID: 23	 Account ID: 23	 Amount: 1500.0	 Transaction Date: Tue Nov 28 14:27:53 WEST 2023
30-11-2023 10:42:39.018 [SimpleAsyncTaskExecutor-1] INFO  SampleLogger - Transaction ID: 10	 Account ID: 10	 Amount: 5000.0	 Transaction Date: Tue Nov 28 00:00:00 WEST 2023
30-11-2023 10:42:39.019 [SimpleAsyncTaskExecutor-2] INFO  SampleLogger - Transaction ID: 24	 Account ID: 24	 Amount: 2500.0	 Transaction Date: Tue Nov 28 14:27:53 WEST 2023
30-11-2023 10:42:39.257 [SimpleAsyncTaskExecutor-2] INFO  o.s.batch.core.step.AbstractStep - Step: [importXMLTransaction] executed in 303ms
30-11-2023 10:42:39.325 [SimpleAsyncTaskExecutor-1] INFO  SampleLogger - Transaction ID: 11	 Account ID: 11	 Amount: 5500.0	 Transaction Date: Tue Nov 28 00:00:00 WEST 2023
30-11-2023 10:42:39.326 [SimpleAsyncTaskExecutor-1] INFO  SampleLogger - Transaction ID: 12	 Account ID: 12	 Amount: 6000.0	 Transaction Date: Tue Nov 28 00:00:00 WEST 2023
30-11-2023 10:42:39.327 [SimpleAsyncTaskExecutor-1] INFO  SampleLogger - Transaction ID: 13	 Account ID: 13	 Amount: 6500.0	 Transaction Date: Tue Nov 28 00:00:00 WEST 2023
30-11-2023 10:42:39.328 [SimpleAsyncTaskExecutor-1] INFO  SampleLogger - Transaction ID: 14	 Account ID: 14	 Amount: 7000.0	 Transaction Date: Tue Nov 28 00:00:00 WEST 2023
30-11-2023 10:42:39.329 [SimpleAsyncTaskExecutor-1] INFO  SampleLogger - Transaction ID: 15	 Account ID: 15	 Amount: 7500.0	 Transaction Date: Tue Nov 28 00:00:00 WEST 2023
30-11-2023 10:42:39.330 [SimpleAsyncTaskExecutor-1] INFO  SampleLogger - Transaction ID: 16	 Account ID: 16	 Amount: 8000.0	 Transaction Date: Tue Nov 28 00:00:00 WEST 2023
30-11-2023 10:42:39.330 [SimpleAsyncTaskExecutor-1] INFO  SampleLogger - Transaction ID: 17	 Account ID: 17	 Amount: 8500.0	 Transaction Date: Tue Nov 28 00:00:00 WEST 2023
30-11-2023 10:42:39.331 [SimpleAsyncTaskExecutor-1] INFO  SampleLogger - Transaction ID: 18	 Account ID: 18	 Amount: 9000.0	 Transaction Date: Tue Nov 28 00:00:00 WEST 2023
30-11-2023 10:42:39.332 [SimpleAsyncTaskExecutor-1] INFO  SampleLogger - Transaction ID: 19	 Account ID: 19	 Amount: 9500.0	 Transaction Date: Tue Nov 28 00:00:00 WEST 2023
30-11-2023 10:42:39.333 [SimpleAsyncTaskExecutor-1] INFO  SampleLogger - Transaction ID: 20	 Account ID: 20	 Amount: 10000.0	 Transaction Date: Tue Nov 28 00:00:00 WEST 2023
30-11-2023 10:42:39.497 [SimpleAsyncTaskExecutor-1] INFO  o.s.batch.core.step.AbstractStep - Step: [importCSVTransaction] executed in 553ms
30-11-2023 10:42:39.526 [main] INFO  o.s.b.c.l.support.SimpleJobLauncher - Job: [FlowJob: [name=importTransactions]] completed with the following parameters: [{'started-at':'{value=1701380558761, type=class java.lang.Long, identifying=true}'}] and the following status: [COMPLETED] in 631ms
30-11-2023 10:42:39.534 [SpringApplicationShutdownHook] INFO  o.s.o.j.LocalContainerEntityManagerFactoryBean - Closing JPA EntityManagerFactory for persistence unit 'default'
30-11-2023 10:42:39.539 [SpringApplicationShutdownHook] INFO  com.zaxxer.hikari.HikariDataSource - HikariPool-1 - Shutdown initiated...
30-11-2023 10:42:39.557 [SpringApplicationShutdownHook] INFO  com.zaxxer.hikari.HikariDataSource - HikariPool-1 - Shutdown completed.
30-11-2023 10:46:26.296 [main] INFO  c.e.t.Tp5TraitementBashApplication - Starting Tp5TraitementBashApplication using Java 18.0.1 with PID 16580 (C:\Users\rtyuiop\Desktop\school\studies\S9\architecture-logiciel\tps\tp5-traitement-batch\target\classes started by rtyuiop in C:\Users\rtyuiop\Desktop\school\studies\S9\architecture-logiciel\tps\tp5-traitement-batch)
30-11-2023 10:46:26.301 [main] DEBUG c.e.t.Tp5TraitementBashApplication - Running with Spring Boot v3.1.5, Spring v6.0.13
30-11-2023 10:46:26.303 [main] INFO  c.e.t.Tp5TraitementBashApplication - No active profile set, falling back to 1 default profile: "default"
30-11-2023 10:46:27.436 [main] INFO  o.s.d.r.c.RepositoryConfigurationDelegate - Bootstrapping Spring Data JPA repositories in DEFAULT mode.
30-11-2023 10:46:27.570 [main] INFO  o.s.d.r.c.RepositoryConfigurationDelegate - Finished Spring Data repository scanning in 117 ms. Found 2 JPA repository interfaces.
30-11-2023 10:46:28.143 [main] INFO  com.zaxxer.hikari.HikariDataSource - HikariPool-1 - Starting...
30-11-2023 10:46:28.879 [main] INFO  com.zaxxer.hikari.pool.HikariPool - HikariPool-1 - Added connection com.mysql.cj.jdbc.ConnectionImpl@7978e022
30-11-2023 10:46:28.883 [main] INFO  com.zaxxer.hikari.HikariDataSource - HikariPool-1 - Start completed.
30-11-2023 10:46:29.151 [main] INFO  o.h.jpa.internal.util.LogHelper - HHH000204: Processing PersistenceUnitInfo [name: default]
30-11-2023 10:46:29.294 [main] INFO  org.hibernate.Version - HHH000412: Hibernate ORM core version 6.2.13.Final
30-11-2023 10:46:29.299 [main] INFO  org.hibernate.cfg.Environment - HHH000406: Using bytecode reflection optimizer
30-11-2023 10:46:29.870 [main] INFO  o.s.o.j.p.SpringPersistenceUnitInfo - No LoadTimeWeaver setup: ignoring JPA class transformer
30-11-2023 10:46:29.968 [main] WARN  org.hibernate.orm.deprecation - HHH90000025: MySQL8Dialect does not need to be specified explicitly using 'hibernate.dialect' (remove the property setting and it will be selected by default)
30-11-2023 10:46:29.970 [main] WARN  org.hibernate.orm.deprecation - HHH90000026: MySQL8Dialect has been deprecated; use org.hibernate.dialect.MySQLDialect instead
30-11-2023 10:46:31.337 [main] INFO  o.h.e.t.j.p.i.JtaPlatformInitiator - HHH000489: No JTA platform available (set 'hibernate.transaction.jta.platform' to enable JTA platform integration)
30-11-2023 10:46:31.708 [main] INFO  o.s.o.j.LocalContainerEntityManagerFactoryBean - Initialized JPA EntityManagerFactory for persistence unit 'default'
30-11-2023 10:46:32.747 [main] INFO  c.e.t.Tp5TraitementBashApplication - Started Tp5TraitementBashApplication in 7.21 seconds (process running for 9.143)
30-11-2023 10:46:33.244 [main] INFO  o.s.b.c.l.support.SimpleJobLauncher - Job: [FlowJob: [name=importTransactions]] launched with the following parameters: [{'started-at':'{value=1701380793126, type=class java.lang.Long, identifying=true}'}]
30-11-2023 10:46:33.318 [SimpleAsyncTaskExecutor-2] INFO  o.s.batch.core.job.SimpleStepHandler - Executing step: [importXMLTransaction]
30-11-2023 10:46:33.328 [SimpleAsyncTaskExecutor-1] INFO  o.s.batch.core.job.SimpleStepHandler - Executing step: [importCSVTransaction]
30-11-2023 10:46:33.373 [SimpleAsyncTaskExecutor-1] INFO  SampleLogger - Transaction ID: 1	 Account ID: 1	 Amount: 500.0	 Transaction Date: Tue Nov 28 00:00:00 WEST 2023
30-11-2023 10:46:33.379 [SimpleAsyncTaskExecutor-1] INFO  SampleLogger - Transaction ID: 2	 Account ID: 2	 Amount: 1000.0	 Transaction Date: Tue Nov 28 00:00:00 WEST 2023
30-11-2023 10:46:33.382 [SimpleAsyncTaskExecutor-1] INFO  SampleLogger - Transaction ID: 3	 Account ID: 3	 Amount: 1500.0	 Transaction Date: Tue Nov 28 00:00:00 WEST 2023
30-11-2023 10:46:33.383 [SimpleAsyncTaskExecutor-2] INFO  SampleLogger - Transaction ID: 21	 Account ID: 21	 Amount: 500.0	 Transaction Date: Tue Nov 28 14:27:53 WEST 2023
30-11-2023 10:46:33.384 [SimpleAsyncTaskExecutor-1] INFO  SampleLogger - Transaction ID: 4	 Account ID: 4	 Amount: 2000.0	 Transaction Date: Tue Nov 28 00:00:00 WEST 2023
30-11-2023 10:46:33.385 [SimpleAsyncTaskExecutor-2] INFO  SampleLogger - Transaction ID: 22	 Account ID: 22	 Amount: 1000.0	 Transaction Date: Tue Nov 28 14:27:53 WEST 2023
30-11-2023 10:46:33.386 [SimpleAsyncTaskExecutor-1] INFO  SampleLogger - Transaction ID: 5	 Account ID: 5	 Amount: 2500.0	 Transaction Date: Tue Nov 28 00:00:00 WEST 2023
30-11-2023 10:46:33.387 [SimpleAsyncTaskExecutor-1] INFO  SampleLogger - Transaction ID: 6	 Account ID: 6	 Amount: 3000.0	 Transaction Date: Tue Nov 28 00:00:00 WEST 2023
30-11-2023 10:46:33.387 [SimpleAsyncTaskExecutor-2] INFO  SampleLogger - Transaction ID: 23	 Account ID: 23	 Amount: 1500.0	 Transaction Date: Tue Nov 28 14:27:53 WEST 2023
30-11-2023 10:46:33.388 [SimpleAsyncTaskExecutor-1] INFO  SampleLogger - Transaction ID: 7	 Account ID: 7	 Amount: 3500.0	 Transaction Date: Tue Nov 28 00:00:00 WEST 2023
30-11-2023 10:46:33.390 [SimpleAsyncTaskExecutor-2] INFO  SampleLogger - Transaction ID: 24	 Account ID: 24	 Amount: 2500.0	 Transaction Date: Tue Nov 28 14:27:53 WEST 2023
30-11-2023 10:46:33.390 [SimpleAsyncTaskExecutor-1] INFO  SampleLogger - Transaction ID: 8	 Account ID: 8	 Amount: 4000.0	 Transaction Date: Tue Nov 28 00:00:00 WEST 2023
30-11-2023 10:46:33.391 [SimpleAsyncTaskExecutor-1] INFO  SampleLogger - Transaction ID: 9	 Account ID: 9	 Amount: 4500.0	 Transaction Date: Tue Nov 28 00:00:00 WEST 2023
30-11-2023 10:46:33.393 [SimpleAsyncTaskExecutor-1] INFO  SampleLogger - Transaction ID: 10	 Account ID: 10	 Amount: 5000.0	 Transaction Date: Tue Nov 28 00:00:00 WEST 2023
30-11-2023 10:46:33.631 [SimpleAsyncTaskExecutor-2] INFO  o.s.batch.core.step.AbstractStep - Step: [importXMLTransaction] executed in 311ms
30-11-2023 10:46:33.635 [SimpleAsyncTaskExecutor-1] INFO  SampleLogger - Transaction ID: 11	 Account ID: 11	 Amount: 5500.0	 Transaction Date: Tue Nov 28 00:00:00 WEST 2023
30-11-2023 10:46:33.637 [SimpleAsyncTaskExecutor-1] INFO  SampleLogger - Transaction ID: 12	 Account ID: 12	 Amount: 6000.0	 Transaction Date: Tue Nov 28 00:00:00 WEST 2023
30-11-2023 10:46:33.638 [SimpleAsyncTaskExecutor-1] INFO  SampleLogger - Transaction ID: 13	 Account ID: 13	 Amount: 6500.0	 Transaction Date: Tue Nov 28 00:00:00 WEST 2023
30-11-2023 10:46:33.639 [SimpleAsyncTaskExecutor-1] INFO  SampleLogger - Transaction ID: 14	 Account ID: 14	 Amount: 7000.0	 Transaction Date: Tue Nov 28 00:00:00 WEST 2023
30-11-2023 10:46:33.641 [SimpleAsyncTaskExecutor-1] INFO  SampleLogger - Transaction ID: 15	 Account ID: 15	 Amount: 7500.0	 Transaction Date: Tue Nov 28 00:00:00 WEST 2023
30-11-2023 10:46:33.642 [SimpleAsyncTaskExecutor-1] INFO  SampleLogger - Transaction ID: 16	 Account ID: 16	 Amount: 8000.0	 Transaction Date: Tue Nov 28 00:00:00 WEST 2023
30-11-2023 10:46:33.643 [SimpleAsyncTaskExecutor-1] INFO  SampleLogger - Transaction ID: 17	 Account ID: 17	 Amount: 8500.0	 Transaction Date: Tue Nov 28 00:00:00 WEST 2023
30-11-2023 10:46:33.644 [SimpleAsyncTaskExecutor-1] INFO  SampleLogger - Transaction ID: 18	 Account ID: 18	 Amount: 9000.0	 Transaction Date: Tue Nov 28 00:00:00 WEST 2023
30-11-2023 10:46:33.645 [SimpleAsyncTaskExecutor-1] INFO  SampleLogger - Transaction ID: 19	 Account ID: 19	 Amount: 9500.0	 Transaction Date: Tue Nov 28 00:00:00 WEST 2023
30-11-2023 10:46:33.646 [SimpleAsyncTaskExecutor-1] INFO  SampleLogger - Transaction ID: 20	 Account ID: 20	 Amount: 10000.0	 Transaction Date: Tue Nov 28 00:00:00 WEST 2023
30-11-2023 10:46:33.746 [SimpleAsyncTaskExecutor-1] INFO  o.s.batch.core.step.AbstractStep - Step: [importCSVTransaction] executed in 417ms
30-11-2023 10:46:33.773 [main] INFO  o.s.b.c.l.support.SimpleJobLauncher - Job: [FlowJob: [name=importTransactions]] completed with the following parameters: [{'started-at':'{value=1701380793126, type=class java.lang.Long, identifying=true}'}] and the following status: [COMPLETED] in 497ms
30-11-2023 10:46:33.780 [SpringApplicationShutdownHook] INFO  o.s.o.j.LocalContainerEntityManagerFactoryBean - Closing JPA EntityManagerFactory for persistence unit 'default'
30-11-2023 10:46:33.784 [SpringApplicationShutdownHook] INFO  com.zaxxer.hikari.HikariDataSource - HikariPool-1 - Shutdown initiated...
30-11-2023 10:46:33.794 [SpringApplicationShutdownHook] INFO  com.zaxxer.hikari.HikariDataSource - HikariPool-1 - Shutdown completed.
30-11-2023 11:03:41.560 [main] INFO  c.e.t.Tp5TraitementBashApplication - Starting Tp5TraitementBashApplication using Java 18.0.1 with PID 11396 (C:\Users\rtyuiop\Desktop\school\studies\S9\architecture-logiciel\tps\tp5-traitement-batch\target\classes started by rtyuiop in C:\Users\rtyuiop\Desktop\school\studies\S9\architecture-logiciel\tps\tp5-traitement-batch)
30-11-2023 11:03:41.564 [main] DEBUG c.e.t.Tp5TraitementBashApplication - Running with Spring Boot v3.1.5, Spring v6.0.13
30-11-2023 11:03:41.566 [main] INFO  c.e.t.Tp5TraitementBashApplication - No active profile set, falling back to 1 default profile: "default"
30-11-2023 11:03:42.659 [main] INFO  o.s.d.r.c.RepositoryConfigurationDelegate - Bootstrapping Spring Data JPA repositories in DEFAULT mode.
30-11-2023 11:03:42.808 [main] INFO  o.s.d.r.c.RepositoryConfigurationDelegate - Finished Spring Data repository scanning in 131 ms. Found 2 JPA repository interfaces.
30-11-2023 11:03:43.402 [main] INFO  com.zaxxer.hikari.HikariDataSource - HikariPool-1 - Starting...
30-11-2023 11:03:43.974 [main] INFO  com.zaxxer.hikari.pool.HikariPool - HikariPool-1 - Added connection com.mysql.cj.jdbc.ConnectionImpl@ceddaf8
30-11-2023 11:03:43.979 [main] INFO  com.zaxxer.hikari.HikariDataSource - HikariPool-1 - Start completed.
30-11-2023 11:03:44.313 [main] INFO  o.h.jpa.internal.util.LogHelper - HHH000204: Processing PersistenceUnitInfo [name: default]
30-11-2023 11:03:44.461 [main] INFO  org.hibernate.Version - HHH000412: Hibernate ORM core version 6.2.13.Final
30-11-2023 11:03:44.467 [main] INFO  org.hibernate.cfg.Environment - HHH000406: Using bytecode reflection optimizer
30-11-2023 11:03:44.945 [main] INFO  o.s.o.j.p.SpringPersistenceUnitInfo - No LoadTimeWeaver setup: ignoring JPA class transformer
30-11-2023 11:03:45.033 [main] WARN  org.hibernate.orm.deprecation - HHH90000025: MySQL8Dialect does not need to be specified explicitly using 'hibernate.dialect' (remove the property setting and it will be selected by default)
30-11-2023 11:03:45.035 [main] WARN  org.hibernate.orm.deprecation - HHH90000026: MySQL8Dialect has been deprecated; use org.hibernate.dialect.MySQLDialect instead
30-11-2023 11:03:46.271 [main] INFO  o.h.e.t.j.p.i.JtaPlatformInitiator - HHH000489: No JTA platform available (set 'hibernate.transaction.jta.platform' to enable JTA platform integration)
30-11-2023 11:03:46.648 [main] INFO  o.s.o.j.LocalContainerEntityManagerFactoryBean - Initialized JPA EntityManagerFactory for persistence unit 'default'
30-11-2023 11:03:47.960 [main] INFO  c.e.t.Tp5TraitementBashApplication - Started Tp5TraitementBashApplication in 7.109 seconds (process running for 9.26)
30-11-2023 11:03:48.536 [main] INFO  o.s.b.c.l.support.SimpleJobLauncher - Job: [FlowJob: [name=importTransactions]] launched with the following parameters: [{'started-at':'{value=1701381828438, type=class java.lang.Long, identifying=true}'}]
30-11-2023 11:03:48.656 [SimpleAsyncTaskExecutor-2] INFO  o.s.batch.core.job.SimpleStepHandler - Executing step: [importXMLTransaction]
30-11-2023 11:03:48.663 [SimpleAsyncTaskExecutor-1] INFO  o.s.batch.core.job.SimpleStepHandler - Executing step: [importCSVTransaction]
30-11-2023 11:03:48.733 [SimpleAsyncTaskExecutor-1] INFO  SampleLogger - Transaction ID: 1	 Account ID: 1	 Amount: 500.0	 Transaction Date: Tue Nov 28 00:00:00 WEST 2023
30-11-2023 11:03:48.743 [SimpleAsyncTaskExecutor-1] INFO  SampleLogger - Transaction ID: 2	 Account ID: 2	 Amount: 1000.0	 Transaction Date: Tue Nov 28 00:00:00 WEST 2023
30-11-2023 11:03:48.747 [SimpleAsyncTaskExecutor-1] INFO  SampleLogger - Transaction ID: 3	 Account ID: 3	 Amount: 1500.0	 Transaction Date: Tue Nov 28 00:00:00 WEST 2023
30-11-2023 11:03:48.750 [SimpleAsyncTaskExecutor-1] INFO  SampleLogger - Transaction ID: 4	 Account ID: 4	 Amount: 2000.0	 Transaction Date: Tue Nov 28 00:00:00 WEST 2023
30-11-2023 11:03:48.751 [SimpleAsyncTaskExecutor-2] INFO  SampleLogger - Transaction ID: 21	 Account ID: 21	 Amount: 500.0	 Transaction Date: Tue Nov 28 14:27:53 WEST 2023
30-11-2023 11:03:48.752 [SimpleAsyncTaskExecutor-1] INFO  SampleLogger - Transaction ID: 5	 Account ID: 5	 Amount: 2500.0	 Transaction Date: Tue Nov 28 00:00:00 WEST 2023
30-11-2023 11:03:48.754 [SimpleAsyncTaskExecutor-1] INFO  SampleLogger - Transaction ID: 6	 Account ID: 6	 Amount: 3000.0	 Transaction Date: Tue Nov 28 00:00:00 WEST 2023
30-11-2023 11:03:48.757 [SimpleAsyncTaskExecutor-2] INFO  SampleLogger - Transaction ID: 22	 Account ID: 22	 Amount: 1000.0	 Transaction Date: Tue Nov 28 14:27:53 WEST 2023
30-11-2023 11:03:48.757 [SimpleAsyncTaskExecutor-1] INFO  SampleLogger - Transaction ID: 7	 Account ID: 7	 Amount: 3500.0	 Transaction Date: Tue Nov 28 00:00:00 WEST 2023
30-11-2023 11:03:48.759 [SimpleAsyncTaskExecutor-2] INFO  SampleLogger - Transaction ID: 23	 Account ID: 23	 Amount: 1500.0	 Transaction Date: Tue Nov 28 14:27:53 WEST 2023
30-11-2023 11:03:48.760 [SimpleAsyncTaskExecutor-1] INFO  SampleLogger - Transaction ID: 8	 Account ID: 8	 Amount: 4000.0	 Transaction Date: Tue Nov 28 00:00:00 WEST 2023
30-11-2023 11:03:48.760 [SimpleAsyncTaskExecutor-2] INFO  SampleLogger - Transaction ID: 24	 Account ID: 24	 Amount: 2500.0	 Transaction Date: Tue Nov 28 14:27:53 WEST 2023
30-11-2023 11:03:48.762 [SimpleAsyncTaskExecutor-1] INFO  SampleLogger - Transaction ID: 9	 Account ID: 9	 Amount: 4500.0	 Transaction Date: Tue Nov 28 00:00:00 WEST 2023
30-11-2023 11:03:48.765 [SimpleAsyncTaskExecutor-1] INFO  SampleLogger - Transaction ID: 10	 Account ID: 10	 Amount: 5000.0	 Transaction Date: Tue Nov 28 00:00:00 WEST 2023
30-11-2023 11:03:49.108 [SimpleAsyncTaskExecutor-2] INFO  o.s.batch.core.step.AbstractStep - Step: [importXMLTransaction] executed in 450ms
30-11-2023 11:03:49.125 [SimpleAsyncTaskExecutor-1] INFO  SampleLogger - Transaction ID: 11	 Account ID: 11	 Amount: 5500.0	 Transaction Date: Tue Nov 28 00:00:00 WEST 2023
30-11-2023 11:03:49.127 [SimpleAsyncTaskExecutor-1] INFO  SampleLogger - Transaction ID: 12	 Account ID: 12	 Amount: 6000.0	 Transaction Date: Tue Nov 28 00:00:00 WEST 2023
30-11-2023 11:03:49.128 [SimpleAsyncTaskExecutor-1] INFO  SampleLogger - Transaction ID: 13	 Account ID: 13	 Amount: 6500.0	 Transaction Date: Tue Nov 28 00:00:00 WEST 2023
30-11-2023 11:03:49.130 [SimpleAsyncTaskExecutor-1] INFO  SampleLogger - Transaction ID: 14	 Account ID: 14	 Amount: 7000.0	 Transaction Date: Tue Nov 28 00:00:00 WEST 2023
30-11-2023 11:03:49.132 [SimpleAsyncTaskExecutor-1] INFO  SampleLogger - Transaction ID: 15	 Account ID: 15	 Amount: 7500.0	 Transaction Date: Tue Nov 28 00:00:00 WEST 2023
30-11-2023 11:03:49.133 [SimpleAsyncTaskExecutor-1] INFO  SampleLogger - Transaction ID: 16	 Account ID: 16	 Amount: 8000.0	 Transaction Date: Tue Nov 28 00:00:00 WEST 2023
30-11-2023 11:03:49.135 [SimpleAsyncTaskExecutor-1] INFO  SampleLogger - Transaction ID: 17	 Account ID: 17	 Amount: 8500.0	 Transaction Date: Tue Nov 28 00:00:00 WEST 2023
30-11-2023 11:03:49.138 [SimpleAsyncTaskExecutor-1] INFO  SampleLogger - Transaction ID: 18	 Account ID: 18	 Amount: 9000.0	 Transaction Date: Tue Nov 28 00:00:00 WEST 2023
30-11-2023 11:03:49.140 [SimpleAsyncTaskExecutor-1] INFO  SampleLogger - Transaction ID: 19	 Account ID: 19	 Amount: 9500.0	 Transaction Date: Tue Nov 28 00:00:00 WEST 2023
30-11-2023 11:03:49.142 [SimpleAsyncTaskExecutor-1] INFO  SampleLogger - Transaction ID: 20	 Account ID: 20	 Amount: 10000.0	 Transaction Date: Tue Nov 28 00:00:00 WEST 2023
30-11-2023 11:03:49.303 [SimpleAsyncTaskExecutor-1] INFO  o.s.batch.core.step.AbstractStep - Step: [importCSVTransaction] executed in 639ms
30-11-2023 11:03:49.342 [main] INFO  o.s.b.c.l.support.SimpleJobLauncher - Job: [FlowJob: [name=importTransactions]] completed with the following parameters: [{'started-at':'{value=1701381828438, type=class java.lang.Long, identifying=true}'}] and the following status: [COMPLETED] in 761ms
30-11-2023 11:03:49.353 [SpringApplicationShutdownHook] INFO  o.s.o.j.LocalContainerEntityManagerFactoryBean - Closing JPA EntityManagerFactory for persistence unit 'default'
30-11-2023 11:03:49.364 [SpringApplicationShutdownHook] INFO  com.zaxxer.hikari.HikariDataSource - HikariPool-1 - Shutdown initiated...
30-11-2023 11:03:49.392 [SpringApplicationShutdownHook] INFO  com.zaxxer.hikari.HikariDataSource - HikariPool-1 - Shutdown completed.
